<?xml version="1.0" encoding="UTF-8"?>
<testsuite xmlns:xsi="http://www.w3.org/2001/XMLSchema-instance" xsi:noNamespaceSchemaLocation="https://maven.apache.org/surefire/maven-surefire-plugin/xsd/surefire-test-report-3.0.xsd" version="3.0" name="catan.PlayerInitializationTest" time="0.017" tests="2" errors="0" skipped="0" failures="0">
  <properties>
[...]
</properties>
  <testcase name="test_initializeNewGame_correctPlayerIdsAndColours" classname="catan.PlayerInitializationTest" time="0.012">
    <system-out><![CDATA[=== START GAME ===
Max Rounds: 10


=== Initial Placement Phase ===
Player 1: Placed initial settlement at intersection 28
Player 1: Placed initial road between 27 and 28
Player 2: Placed initial settlement at intersection 10
Player 2: Placed initial road between 10 and 11
Player 3: Placed initial settlement at intersection 16
Player 3: Placed initial road between 16 and 17
Player 4: Placed initial settlement at intersection 21
Player 4: Placed initial road between 21 and 22
Player 4: Placed initial settlement at intersection 5
Player 4: Placed initial road between 4 and 5
Player 3: Placed initial settlement at intersection 42
Player 3: Placed initial road between 38 and 42
Player 2: Placed initial settlement at intersection 37
Player 2: Placed initial road between 37 and 35
Player 1: Placed initial settlement at intersection 44
Player 1: Placed initial road between 44 and 19

]]></system-out>
  </testcase>
  <testcase name="test_initializeNewGame_creates4Players" classname="catan.PlayerInitializationTest" time="0.003">
    <system-out><![CDATA[=== START GAME ===
Max Rounds: 10


=== Initial Placement Phase ===
Player 1: Placed initial settlement at intersection 4
Player 1: Placed initial road between 3 and 4
Player 2: Placed initial settlement at intersection 42
Player 2: Placed initial road between 38 and 42
Player 3: Placed initial settlement at intersection 35
Player 3: Placed initial road between 35 and 39
Player 4: Placed initial settlement at intersection 16
Player 4: Placed initial road between 18 and 16
Player 4: Placed initial settlement at intersection 46
Player 4: Placed initial road between 46 and 47
Player 3: Placed initial settlement at intersection 1
Player 3: Placed initial road between 0 and 1
Player 2: Placed initial settlement at intersection 28
Player 2: Placed initial road between 27 and 28
Player 1: Placed initial settlement at intersection 20
Player 1: Placed initial road between 20 and 21

]]></system-out>
  </testcase>
</testsuite>