<?xml version="1.0" encoding="UTF-8"?>
<testsuite xmlns:xsi="http://www.w3.org/2001/XMLSchema-instance" xsi:noNamespaceSchemaLocation="https://maven.apache.org/surefire/maven-surefire-plugin/xsd/surefire-test-report-3.0.xsd" version="3.0" name="catan.GameFlowTest" time="0.012" tests="6" errors="0" skipped="0" failures="0">
  <properties>
[...]
</properties>
  <testcase name="testTerminationReached_whenPlayerHits10VP" classname="catan.GameFlowTest" time="0.002">
    <system-out><![CDATA[=== START GAME ===
Max Rounds: 5


=== Initial Placement Phase ===
Player 1: Placed initial settlement at intersection 10
Player 1: Placed initial road between 8 and 10
Player 2: Placed initial settlement at intersection 0
Player 2: Placed initial road between 0 and 1
Player 3: Placed initial settlement at intersection 2
Player 3: Placed initial road between 1 and 2
Player 4: Placed initial settlement at intersection 21
Player 4: Placed initial road between 20 and 21
Player 4: Placed initial settlement at intersection 42
Player 4: Placed initial road between 42 and 43
Player 3: Placed initial settlement at intersection 24
Player 3: Placed initial road between 6 and 24
Player 2: Placed initial settlement at intersection 49
Player 2: Placed initial road between 48 and 49
Player 1: Placed initial settlement at intersection 9
Player 1: Placed initial road between 13 and 9

]]></system-out>
  </testcase>
  <testcase name="testTerminationNotReached_afterInit" classname="catan.GameFlowTest" time="0.001">
    <system-out><![CDATA[=== START GAME ===
Max Rounds: 5


=== Initial Placement Phase ===
Player 1: Placed initial settlement at intersection 31
Player 1: Placed initial road between 31 and 48
Player 2: Placed initial settlement at intersection 52
Player 2: Placed initial road between 51 and 52
Player 3: Placed initial settlement at intersection 29
Player 3: Placed initial road between 29 and 12
Player 4: Placed initial settlement at intersection 44
Player 4: Placed initial road between 25 and 44
Player 4: Placed initial settlement at intersection 0
Player 4: Placed initial road between 0 and 1
Player 3: Placed initial settlement at intersection 20
Player 3: Placed initial road between 23 and 20
Player 2: Placed initial settlement at intersection 13
Player 2: Placed initial road between 13 and 9
Player 1: Placed initial settlement at intersection 8
Player 1: Placed initial road between 26 and 8

]]></system-out>
  </testcase>
  <testcase name="testTerminationReached_whenRoundsExceeded" classname="catan.GameFlowTest" time="0.002">
    <system-out><![CDATA[=== START GAME ===
Max Rounds: 5


=== Initial Placement Phase ===
Player 1: Placed initial settlement at intersection 37
Player 1: Placed initial road between 36 and 37
Player 2: Placed initial settlement at intersection 18
Player 2: Placed initial road between 14 and 18
Player 3: Placed initial settlement at intersection 15
Player 3: Placed initial road between 15 and 14
Player 4: Placed initial settlement at intersection 51
Player 4: Placed initial road between 51 and 52
Player 4: Placed initial settlement at intersection 30
Player 4: Placed initial road between 30 and 31
Player 3: Placed initial settlement at intersection 1
Player 3: Placed initial road between 1 and 2
Player 2: Placed initial settlement at intersection 24
Player 2: Placed initial road between 6 and 24
Player 1: Placed initial settlement at intersection 21
Player 1: Placed initial road between 21 and 17

]]></system-out>
  </testcase>
  <testcase name="testTermination_roundLimitBoundaryValues" classname="catan.GameFlowTest" time="0.002">
    <system-out><![CDATA[=== START GAME ===
Max Rounds: 5


=== Initial Placement Phase ===
Player 1: Placed initial settlement at intersection 42
Player 1: Placed initial road between 42 and 43
Player 2: Placed initial settlement at intersection 44
Player 2: Placed initial road between 44 and 45
Player 3: Placed initial settlement at intersection 26
Player 3: Placed initial road between 26 and 8
Player 4: Placed initial settlement at intersection 31
Player 4: Placed initial road between 31 and 48
Player 4: Placed initial settlement at intersection 22
Player 4: Placed initial road between 16 and 22
Player 3: Placed initial settlement at intersection 29
Player 3: Placed initial road between 28 and 29
Player 2: Placed initial settlement at intersection 21
Player 2: Placed initial road between 20 and 21
Player 1: Placed initial settlement at intersection 15
Player 1: Placed initial road between 32 and 15

]]></system-out>
  </testcase>
  <testcase name="testDiceRollDistribution_partitions" classname="catan.GameFlowTest" time="0.002">
    <system-out><![CDATA[=== START GAME ===
Max Rounds: 5


=== Initial Placement Phase ===
Player 1: Placed initial settlement at intersection 20
Player 1: Placed initial road between 23 and 20
Player 2: Placed initial settlement at intersection 49
Player 2: Placed initial road between 48 and 49
Player 3: Placed initial settlement at intersection 52
Player 3: Placed initial road between 51 and 52
Player 4: Placed initial settlement at intersection 27
Player 4: Placed initial road between 10 and 27
Player 4: Placed initial settlement at intersection 12
Player 4: Placed initial road between 11 and 12
Player 3: Placed initial settlement at intersection 31
Player 3: Placed initial road between 31 and 48
Player 2: Placed initial settlement at intersection 14
Player 2: Placed initial road between 15 and 14
Player 1: Placed initial settlement at intersection 44
Player 1: Placed initial road between 25 and 44

]]></system-out>
  </testcase>
  <testcase name="testRollSeven_noResourcesDistributed" classname="catan.GameFlowTest" time="0.002">
    <system-out><![CDATA[=== START GAME ===
Max Rounds: 5


=== Initial Placement Phase ===
Player 1: Placed initial settlement at intersection 45
Player 1: Placed initial road between 44 and 45
Player 2: Placed initial settlement at intersection 5
Player 2: Placed initial road between 5 and 0
Player 3: Placed initial settlement at intersection 33
Player 3: Placed initial road between 32 and 33
Player 4: Placed initial settlement at intersection 7
Player 4: Placed initial road between 7 and 8
Player 4: Placed initial settlement at intersection 10
Player 4: Placed initial road between 10 and 11
Player 3: Placed initial settlement at intersection 18
Player 3: Placed initial road between 14 and 18
Player 2: Placed initial settlement at intersection 31
Player 2: Placed initial road between 31 and 32
Player 1: Placed initial settlement at intersection 24
Player 1: Placed initial road between 24 and 25

]]></system-out>
  </testcase>
</testsuite>