<?xml version="1.0" encoding="UTF-8"?>
<testsuite xmlns:xsi="http://www.w3.org/2001/XMLSchema-instance" xsi:noNamespaceSchemaLocation="https://maven.apache.org/surefire/maven-surefire-plugin/xsd/surefire-test-report-3.0.xsd" version="3.0" name="catan.PlayerInitializationTest" time="0.012" tests="3" errors="0" skipped="0" failures="0">
  <properties>
[...]
</properties>
  <testcase name="test_initializeNewGame_correctPlayerIdsAndColours" classname="catan.PlayerInitializationTest" time="0.007">
    <system-out><![CDATA[=== START GAME ===
Max Rounds: 10


=== Initial Placement Phase ===
Player 1: Placed initial settlement at intersection 17
Player 1: Placed initial road between 17 and 19
Player 2: Placed initial settlement at intersection 2
Player 2: Placed initial road between 2 and 3
Player 3: Placed initial settlement at intersection 45
Player 3: Placed initial road between 45 and 46
Player 4: Placed initial settlement at intersection 51
Player 4: Placed initial road between 50 and 51
Player 4: Placed initial settlement at intersection 22
Player 4: Placed initial road between 22 and 23
Player 3: Placed initial settlement at intersection 30
Player 3: Placed initial road between 30 and 31
Player 2: Placed initial settlement at intersection 42
Player 2: Placed initial road between 38 and 42
Player 1: Placed initial settlement at intersection 4
Player 1: Placed initial road between 3 and 4

]]></system-out>
  </testcase>
  <testcase name="test_initializeNewGame_creates4Players" classname="catan.PlayerInitializationTest" time="0.002">
    <system-out><![CDATA[=== START GAME ===
Max Rounds: 10


=== Initial Placement Phase ===
Player 1: Placed initial settlement at intersection 52
Player 1: Placed initial road between 52 and 23
Player 2: Placed initial settlement at intersection 14
Player 2: Placed initial road between 14 and 15
Player 3: Placed initial settlement at intersection 40
Player 3: Placed initial road between 40 and 41
Player 4: Placed initial settlement at intersection 48
Player 4: Placed initial road between 47 and 48
Player 4: Placed initial settlement at intersection 3
Player 4: Placed initial road between 3 and 4
Player 3: Placed initial settlement at intersection 38
Player 3: Placed initial road between 38 and 42
Player 2: Placed initial settlement at intersection 29
Player 2: Placed initial road between 29 and 10
Player 1: Placed initial settlement at intersection 45
Player 1: Placed initial road between 45 and 46

]]></system-out>
  </testcase>
  <testcase name="test_initializeNewGame_initialPlacementGives2VP" classname="catan.PlayerInitializationTest" time="0.001">
    <system-out><![CDATA[=== START GAME ===
Max Rounds: 10


=== Initial Placement Phase ===
Player 1: Placed initial settlement at intersection 11
Player 1: Placed initial road between 32 and 11
Player 2: Placed initial settlement at intersection 38
Player 2: Placed initial road between 39 and 38
Player 3: Placed initial settlement at intersection 6
Player 3: Placed initial road between 6 and 7
Player 4: Placed initial settlement at intersection 25
Player 4: Placed initial road between 25 and 26
Player 4: Placed initial settlement at intersection 45
Player 4: Placed initial road between 45 and 46
Player 3: Placed initial settlement at intersection 29
Player 3: Placed initial road between 29 and 30
Player 2: Placed initial settlement at intersection 49
Player 2: Placed initial road between 48 and 49
Player 1: Placed initial settlement at intersection 19
Player 1: Placed initial road between 19 and 20

]]></system-out>
  </testcase>
</testsuite>